  ------ Building gostcrypt.sys: Release x86 ------
  Starting dirs creation...Completed.
  path contains nonexistant c:\winddk\7600.16385.1\tools\sdv\bin, removing
  path contains nonexistant c:\winddk\7600.16385.1\tools\pfd\bin\bin\x86, removing
  path contains nonexistant c:\program files\acer\remote files\, removing
  path contains nonexistant c:\users\alexis\.dnx\bin, removing
  BUILD: Compile and Link for x86
  
  BUILD: Loading c:\winddk\7600.16385.1\build.dat...
  
  BUILD: Computing Include file dependencies:
  
  BUILD: Start time: Wed Jan 25 17:12:37 2017
  BUILD: null byte at offset 0x00000001
  
  BUILD: 2268 null bytes in file
  
  BUILD: Examining c:\users\alexis\documents\finalgostcrypt\sources_gostcrypt_windows_1.3.1\driver directory for files to compile.
  
      c:\users\alexis\documents\finalgostcrypt\sources_gostcrypt_windows_1.3.1\driver 
  
  BUILD: Saving c:\winddk\7600.16385.1\build.dat...
  
  BUILD: Compiling and Linking c:\users\alexis\documents\finalgostcrypt\sources_gostcrypt_windows_1.3.1\driver directory
  
  _NT_TARGET_VERSION SET TO WINXP
  1>errors in directory c:\users\alexis\documents\finalgostcrypt\sources_gostcrypt_windows_1.3.1\driver
  1>NMAKE :  U1073: don't know how to make 'c:\winddk\7600.16385.1\lib\wxp\i386\BufferOverflowK.lib'
  1>nmake.exe /nologo BUILDMSG=Stop. /S /C -i BUILD_PASS=PASS2 LINKONLY=1 NOPASS0=1 MAKEDIR_RELATIVE_TO_BASEDIR= failed - rc = 2
  
  BUILD: Finish time: Wed Jan 25 17:12:43 2017
  BUILD: Done
  
  
  
      0 files compiled - 4 Warnings - 2 Errors
  
  
  ------ Building gostcrypt.sys: Release x64 ------
  Starting dirs creation...Completed.
  path contains nonexistant c:\winddk\7600.16385.1\tools\sdv\bin, removing
  path contains nonexistant c:\winddk\7600.16385.1\tools\pfd\bin\bin\x86_amd64, removing
  path contains nonexistant c:\winddk\7600.16385.1\tools\pfd\bin\bin\amd64, removing
  path contains nonexistant c:\program files\acer\remote files\, removing
  path contains nonexistant c:\users\alexis\.dnx\bin, removing
  BUILD: Compile and Link for AMD64
  
  BUILD: Loading c:\winddk\7600.16385.1\build.dat...
  
  BUILD: Computing Include file dependencies:
  
  BUILD: Start time: Wed Jan 25 17:12:55 2017
  BUILD: null byte at offset 0x00000001
  
  BUILD: 2268 null bytes in file
  
  BUILD: Examining c:\users\alexis\documents\finalgostcrypt\sources_gostcrypt_windows_1.3.1\driver directory for files to compile.
  
      c:\users\alexis\documents\finalgostcrypt\sources_gostcrypt_windows_1.3.1\driver 
  
  BUILD: Saving c:\winddk\7600.16385.1\build.dat...
  
  BUILD: Compiling and Linking c:\users\alexis\documents\finalgostcrypt\sources_gostcrypt_windows_1.3.1\driver directory
  
  _NT_TARGET_VERSION SET TO WS03
  1>errors in directory c:\users\alexis\documents\finalgostcrypt\sources_gostcrypt_windows_1.3.1\driver
  1>NMAKE :  U1073: don't know how to make 'c:\winddk\7600.16385.1\lib\wnet\amd64\BufferOverflowK.lib'
  1>nmake.exe /nologo BUILDMSG=Stop. /S /C -i BUILD_PASS=PASS2 LINKONLY=1 NOPASS0=1 MAKEDIR_RELATIVE_TO_BASEDIR= failed - rc = 2
  
  BUILD: Finish time: Wed Jan 25 17:13:00 2017
  BUILD: Done
  
  
  
      0 files compiled - 5 Warnings - 2 Errors
  
