d:\esiea\gostcrypt\qt\gostcrypt\x64\debug\vc140.pdb
d:\esiea\gostcrypt\qt\gostcrypt\x64\debug\qrc_ressources.obj
d:\esiea\gostcrypt\qt\gostcrypt\x64\debug\gc_volumelist.obj
d:\esiea\gostcrypt\qt\gostcrypt\x64\debug\gc_window.obj
d:\esiea\gostcrypt\qt\gostcrypt\x64\debug\main.obj
d:\esiea\gostcrypt\qt\gostcrypt\x64\debug\gc_button.obj
d:\esiea\gostcrypt\qt\gostcrypt\x64\debug\moc_gc_volumelist.obj
d:\esiea\gostcrypt\qt\gostcrypt\x64\debug\moc_gc_window.obj
d:\esiea\gostcrypt\qt\gostcrypt\x64\debug\moc_gc_button.obj
d:\esiea\gostcrypt\qt\gostcrypt\generatedfiles\qrc_ressources.cpp
d:\esiea\gostcrypt\qt\gostcrypt\debug\moc_gc_button.cpp
d:\esiea\gostcrypt\qt\gostcrypt\debug\moc_gc_window.cpp
d:\esiea\gostcrypt\qt\gostcrypt\debug\moc_gc_volumelist.cpp
d:\esiea\gostcrypt\qt\gostcrypt\debug\gostcrypt.ilk
d:\esiea\gostcrypt\qt\gostcrypt\debug\gostcrypt.exe
d:\esiea\gostcrypt\qt\gostcrypt\debug\gostcrypt.pdb
d:\esiea\gostcrypt\qt\gostcrypt\x64\debug\gostcrypt.tlog\cl.command.1.tlog
d:\esiea\gostcrypt\qt\gostcrypt\x64\debug\gostcrypt.tlog\cl.read.1.tlog
d:\esiea\gostcrypt\qt\gostcrypt\x64\debug\gostcrypt.tlog\cl.write.1.tlog
d:\esiea\gostcrypt\qt\gostcrypt\x64\debug\gostcrypt.tlog\custombuild.command.1.tlog
d:\esiea\gostcrypt\qt\gostcrypt\x64\debug\gostcrypt.tlog\custombuild.read.1.tlog
d:\esiea\gostcrypt\qt\gostcrypt\x64\debug\gostcrypt.tlog\custombuild.write.1.tlog
d:\esiea\gostcrypt\qt\gostcrypt\x64\debug\gostcrypt.tlog\link.command.1.tlog
d:\esiea\gostcrypt\qt\gostcrypt\x64\debug\gostcrypt.tlog\link.read.1.tlog
d:\esiea\gostcrypt\qt\gostcrypt\x64\debug\gostcrypt.tlog\link.write.1.tlog
