cl : Ligne de commande warning D9007: '/Gm' requiert '/Zi ou /ZI' ; option ignorée
  Dlgcode.c
C:\Program Files (x86)\Windows Kits\8.1\Include\um\dbghelp.h(1544): warning C4091: 'typedef ' : ignoré à gauche de '' quand aucune variable n'est déclarée
C:\Program Files (x86)\Windows Kits\8.1\Include\um\dbghelp.h(3190): warning C4091: 'typedef ' : ignoré à gauche de '' quand aucune variable n'est déclarée
..\Common\Dlgcode.c(2280): warning C4456: la déclaration de 'addr' masque la déclaration locale précédente
  ..\Common\Dlgcode.c(2152): note: voir la déclaration de 'addr'
..\Common\Dlgcode.c(2919): warning C4996: 'GetVersionExA': a été déclaré déconseillé
  C:\Program Files (x86)\Windows Kits\8.1\Include\um\sysinfoapi.h(433): note: voir la déclaration de 'GetVersionExA'
..\Common\Dlgcode.c(2936): warning C4996: 'GetVersionExA': a été déclaré déconseillé
  C:\Program Files (x86)\Windows Kits\8.1\Include\um\sysinfoapi.h(433): note: voir la déclaration de 'GetVersionExA'
..\Common\Dlgcode.c(2949): warning C4996: 'GetVersionExA': a été déclaré déconseillé
  C:\Program Files (x86)\Windows Kits\8.1\Include\um\sysinfoapi.h(433): note: voir la déclaration de 'GetVersionExA'
..\Common\Dlgcode.c(3078): warning C4996: 'GetVersionExA': a été déclaré déconseillé
  C:\Program Files (x86)\Windows Kits\8.1\Include\um\sysinfoapi.h(433): note: voir la déclaration de 'GetVersionExA'
..\Common\Dlgcode.c(3292): warning C4838: la conversion de 'int' en 'wchar_t' requiert une conversion restrictive
..\Common\Dlgcode.c(3335): warning C4456: la déclaration de 'forEachContainer' masque la déclaration locale précédente
  ..\Common\Dlgcode.c(3331): note: voir la déclaration de 'forEachContainer'
..\Common\Dlgcode.c(4684): warning C4459: la déclaration de 'lpszTitle' masque la déclaration globale
  ..\Common\Dlgcode.c(100): note: voir la déclaration de 'lpszTitle'
..\Common\Dlgcode.c(7296): warning C4457: la déclaration de 'driveNo' masque le paramètre de fonction
  ..\Common\Dlgcode.c(7098): note: voir la déclaration de 'driveNo'
..\Common\Dlgcode.c(7306): warning C4456: la déclaration de 'dwResult' masque la déclaration locale précédente
  ..\Common\Dlgcode.c(7108): note: voir la déclaration de 'dwResult'
..\Common\Dlgcode.c(7340): warning C4838: la conversion de 'int' en 'wchar_t' requiert une conversion restrictive
..\Common\Dlgcode.c(7354): warning C4838: la conversion de 'int' en 'wchar_t' requiert une conversion restrictive
..\Common\Dlgcode.c(7365): warning C4838: la conversion de 'int' en 'wchar_t' requiert une conversion restrictive
..\Common\Dlgcode.c(7376): warning C4838: la conversion de 'int' en 'wchar_t' requiert une conversion restrictive
..\Common\Dlgcode.c(7220): warning C4474: 'swscanf_s' : trop d'arguments passés pour la chaîne de format
  ..\Common\Dlgcode.c(7220): note: les espaces réservés et leurs paramètres attendent des arguments 1 variadiques, mais des arguments 2 ont été fournis
..\Common\Dlgcode.c(7750): warning C4838: la conversion de 'int' en 'WCHAR' requiert une conversion restrictive
..\Common\Dlgcode.c(10088): warning C4996: 'GetVersionExA': a été déclaré déconseillé
  C:\Program Files (x86)\Windows Kits\8.1\Include\um\sysinfoapi.h(433): note: voir la déclaration de 'GetVersionExA'
..\Common\Dlgcode.c(10192): warning C4996: 'GetVersionExA': a été déclaré déconseillé
  C:\Program Files (x86)\Windows Kits\8.1\Include\um\sysinfoapi.h(433): note: voir la déclaration de 'GetVersionExA'
C:\Program Files (x86)\MSBuild\Microsoft.Cpp\v4.0\V140\Microsoft.CppBuild.targets(1189,5): warning MSB8012: TargetPath(C:\Users\Alexis\Desktop\Sources_GostCrypt_Windows_1.3.1_COMMENTED\Sources_GostCrypt_Windows_1.3.1é\Sources_GostCrypt_Windows_1.3.1\Mount\Debug\Mount.exe) does not match the Linker's OutputFile property value (C:\Users\Alexis\Desktop\Sources_GostCrypt_Windows_1.3.1_COMMENTED\Sources_GostCrypt_Windows_1.3.1é\Sources_GostCrypt_Windows_1.3.1\Mount\Debug\GostCrypt.exe). This may cause your project to build incorrectly. To correct this, please make sure that $(OutDir), $(TargetName) and $(TargetExt) property values match the value specified in %(Link.OutputFile).
C:\Program Files (x86)\MSBuild\Microsoft.Cpp\v4.0\V140\Microsoft.CppBuild.targets(1191,5): warning MSB8012: TargetName(Mount) does not match the Linker's OutputFile property value (GostCrypt). This may cause your project to build incorrectly. To correct this, please make sure that $(OutDir), $(TargetName) and $(TargetExt) property values match the value specified in %(Link.OutputFile).
  Mount.vcxproj -> C:\Users\Alexis\Desktop\Sources_GostCrypt_Windows_1.3.1_COMMENTED\Sources_GostCrypt_Windows_1.3.1é\Sources_GostCrypt_Windows_1.3.1\Mount\Debug\Mount.exe
  Mount.vcxproj -> Debug\Mount.pdb (Full PDB)
