BUILD: Computing Include file dependencies:
BUILD: null byte at offset 0x00000003
BUILD: 19959 null bytes in file
BUILD: Examining c:\users\alexis\documents\finalgostcrypt\sources_gostcrypt_windows_1.3.1\common directory for files to compile.
BUILD: null byte at offset 0x00000001
BUILD: 2268 null bytes in file
1>Compiling c:\users\alexis\documents\finalgostcrypt\sources_gostcrypt_windows_1.3.1\common *************
1>'nmake.exe /nologo BUILDMSG=Stop. /S /C -i BUILD_PASS=PASS1 NOLINK=1 NOPASS0=1 MAKEDIR_RELATIVE_TO_BASEDIR='
1>BUILDMSG: _NT_TARGET_VERSION SET TO WS03
1>cache.c
1>crc.c
1>crypto.c
1>encryptionthreadpool.c
1>endian.c
1>gfmul.c
1>pkcs5.c
1>volumes.c
1>xts.c
1>tests.c
1>wipe.c
