d:\esiea\gostcrypt\qt\gostcrypt\x64\release\qrc_ressources.obj
d:\esiea\gostcrypt\qt\gostcrypt\x64\release\main.obj
d:\esiea\gostcrypt\qt\gostcrypt\x64\release\gc_volumelist.obj
d:\esiea\gostcrypt\qt\gostcrypt\x64\release\moc_gc_volumelist.obj
d:\esiea\gostcrypt\qt\gostcrypt\x64\release\moc_gc_window.obj
d:\esiea\gostcrypt\qt\gostcrypt\x64\release\gc_button.obj
d:\esiea\gostcrypt\qt\gostcrypt\x64\release\gc_window.obj
d:\esiea\gostcrypt\qt\gostcrypt\release\moc_gc_button.cpp
d:\esiea\gostcrypt\qt\gostcrypt\generatedfiles\qrc_ressources.cpp
d:\esiea\gostcrypt\qt\gostcrypt\release\moc_gc_window.cpp
d:\esiea\gostcrypt\qt\gostcrypt\release\moc_gc_volumelist.cpp
d:\esiea\gostcrypt\qt\gostcrypt\release\gostcrypt.exe
d:\esiea\gostcrypt\qt\gostcrypt\x64\release\moc_gc_button.obj
d:\esiea\gostcrypt\qt\gostcrypt\x64\release\gostcrypt.tlog\cl.command.1.tlog
d:\esiea\gostcrypt\qt\gostcrypt\x64\release\gostcrypt.tlog\cl.read.1.tlog
d:\esiea\gostcrypt\qt\gostcrypt\x64\release\gostcrypt.tlog\cl.write.1.tlog
d:\esiea\gostcrypt\qt\gostcrypt\x64\release\gostcrypt.tlog\custombuild.command.1.tlog
d:\esiea\gostcrypt\qt\gostcrypt\x64\release\gostcrypt.tlog\custombuild.read.1.tlog
d:\esiea\gostcrypt\qt\gostcrypt\x64\release\gostcrypt.tlog\custombuild.write.1.tlog
d:\esiea\gostcrypt\qt\gostcrypt\x64\release\gostcrypt.tlog\link.command.1.tlog
d:\esiea\gostcrypt\qt\gostcrypt\x64\release\gostcrypt.tlog\link.read.1.tlog
d:\esiea\gostcrypt\qt\gostcrypt\x64\release\gostcrypt.tlog\link.write.1.tlog
